This file contains any messages produced by compilers while
running configure, to aid debugging if configure makes a mistake.

It was created by Lincity configure 1.13.1, which was
generated by GNU Autoconf 2.59.  Invocation command line was

  $ ./configure 

## --------- ##
## Platform. ##
## --------- ##

hostname = debian
uname -m = x86_64
uname -r = 6.12.90+deb13.1-amd64
uname -s = Linux
uname -v = #1 SMP PREEMPT_DYNAMIC Debian 6.12.90-2 (2026-05-27)

/usr/bin/uname -p = unknown
/bin/uname -X     = unknown

/bin/arch              = x86_64
/usr/bin/arch -k       = unknown
/usr/convex/getsysinfo = unknown
hostinfo               = unknown
/bin/machine           = unknown
/usr/bin/oslevel       = unknown
/bin/universe          = unknown

PATH: /home/isak/.opencode/bin
PATH: /usr/local/bin
PATH: /usr/bin
PATH: /bin
PATH: /usr/local/games
PATH: /usr/games


## ----------- ##
## Core tests. ##
## ----------- ##

configure:1567: checking for a BSD-compatible install
configure:1622: result: /usr/bin/install -c
configure:1633: checking whether build environment is sane
configure:1676: result: yes
configure:1709: checking for gawk
configure:1738: result: no
configure:1709: checking for mawk
configure:1725: found /usr/bin/mawk
configure:1735: result: mawk
configure:1745: checking whether make sets $(MAKE)
configure:1765: result: yes
configure:1955: checking for style of include used by make
configure:1983: result: GNU
configure:2054: checking for gcc
configure:2070: found /usr/bin/gcc
configure:2080: result: gcc
configure:2324: checking for C compiler version
configure:2327: gcc --version </dev/null >&5
gcc (Debian 14.2.0-19) 14.2.0
Copyright (C) 2024 Free Software Foundation, Inc.
This is free software; see the source for copying conditions.  There is NO
warranty; not even for MERCHANTABILITY or FITNESS FOR A PARTICULAR PURPOSE.

configure:2330: $? = 0
configure:2332: gcc -v </dev/null >&5
Using built-in specs.
COLLECT_GCC=gcc
COLLECT_LTO_WRAPPER=/usr/libexec/gcc/x86_64-linux-gnu/14/lto-wrapper
OFFLOAD_TARGET_NAMES=nvptx-none:amdgcn-amdhsa
OFFLOAD_TARGET_DEFAULT=1
Target: x86_64-linux-gnu
Configured with: ../src/configure -v --with-pkgversion='Debian 14.2.0-19' --with-bugurl=file:///usr/share/doc/gcc-14/README.Bugs --enable-languages=c,ada,c++,go,d,fortran,objc,obj-c++,m2,rust --prefix=/usr --with-gcc-major-version-only --program-suffix=-14 --program-prefix=x86_64-linux-gnu- --enable-shared --enable-linker-build-id --libexecdir=/usr/libexec --without-included-gettext --enable-threads=posix --libdir=/usr/lib --enable-nls --enable-bootstrap --enable-clocale=gnu --enable-libstdcxx-debug --enable-libstdcxx-time=yes --with-default-libstdcxx-abi=new --enable-libstdcxx-backtrace --enable-gnu-unique-object --disable-vtable-verify --enable-plugin --enable-default-pie --with-system-zlib --enable-libphobos-checking=release --with-target-system-zlib=auto --enable-objc-gc=auto --enable-multiarch --disable-werror --enable-cet --with-arch-32=i686 --with-abi=m64 --with-multilib-list=m32,m64,mx32 --enable-multilib --with-tune=generic --enable-offload-targets=nvptx-none=/build/reproducible-path/gcc-14-14.2.0/debian/tmp-nvptx/usr,amdgcn-amdhsa=/build/reproducible-path/gcc-14-14.2.0/debian/tmp-gcn/usr --enable-offload-defaulted --without-cuda-driver --enable-checking=release --build=x86_64-linux-gnu --host=x86_64-linux-gnu --target=x86_64-linux-gnu --with-build-config=bootstrap-lto-lean --enable-link-serialization=3
Thread model: posix
Supported LTO compression algorithms: zlib zstd
gcc version 14.2.0 (Debian 14.2.0-19) 
configure:2335: $? = 0
configure:2337: gcc -V </dev/null >&5
gcc: error: unrecognized command-line option '-V'
gcc: fatal error: no input files
compilation terminated.
configure:2340: $? = 1
configure:2363: checking for C compiler default output file name
configure:2366: gcc    conftest.c  >&5
configure:2369: $? = 0
configure:2415: result: a.out
configure:2420: checking whether the C compiler works
configure:2426: ./a.out
configure:2429: $? = 0
configure:2446: result: yes
configure:2453: checking whether we are cross compiling
configure:2455: result: no
configure:2458: checking for suffix of executables
configure:2460: gcc -o conftest    conftest.c  >&5
configure:2463: $? = 0
configure:2488: result: 
configure:2494: checking for suffix of object files
configure:2515: gcc -c   conftest.c >&5
configure:2518: $? = 0
configure:2540: result: o
configure:2544: checking whether we are using the GNU C compiler
configure:2568: gcc -c   conftest.c >&5
configure:2574: $? = 0
configure:2577: test -z 			 || test ! -s conftest.err
configure:2580: $? = 0
configure:2583: test -s conftest.o
configure:2586: $? = 0
configure:2599: result: yes
configure:2605: checking whether gcc accepts -g
configure:2626: gcc -c -g  conftest.c >&5
configure:2632: $? = 0
configure:2635: test -z 			 || test ! -s conftest.err
configure:2638: $? = 0
configure:2641: test -s conftest.o
configure:2644: $? = 0
configure:2655: result: yes
configure:2672: checking for gcc option to accept ANSI C
configure:2742: gcc  -c -g -O2  conftest.c >&5
configure:2748: $? = 0
configure:2751: test -z 			 || test ! -s conftest.err
configure:2754: $? = 0
configure:2757: test -s conftest.o
configure:2760: $? = 0
configure:2778: result: none needed
configure:2796: gcc -c -g -O2  conftest.c >&5
conftest.c:2:3: error: unknown type name 'choke'
    2 |   choke me
      |   ^~~~~
conftest.c:2:3: error: expected '=', ',', ';', 'asm' or '__attribute__' at end of input
configure:2802: $? = 1
configure: failed program was:
| #ifndef __cplusplus
|   choke me
| #endif
configure:2934: checking dependency style of gcc
configure:3017: result: gcc3
configure:3036: checking for strerror in -lcposix
configure:3066: gcc -o conftest -g -O2   conftest.c -lcposix   >&5
/usr/bin/ld: cannot find -lcposix: No such file or directory
collect2: error: ld returned 1 exit status
configure:3072: $? = 1
configure: failed program was:
| /* confdefs.h.  */
| 
| #define PACKAGE_NAME "Lincity"
| #define PACKAGE_TARNAME "lincity"
| #define PACKAGE_VERSION "1.13.1"
| #define PACKAGE_STRING "Lincity 1.13.1"
| #define PACKAGE_BUGREPORT "lincity-users@lists.sourceforge.net"
| #define PACKAGE "lincity"
| #define VERSION "1.13.1"
| /* end confdefs.h.  */
| 
| /* Override any gcc2 internal prototype to avoid an error.  */
| #ifdef __cplusplus
| extern "C"
| #endif
| /* We use char because int might match the return type of a gcc2
|    builtin and then its argument prototype would still apply.  */
| char strerror ();
| int
| main ()
| {
| strerror ();
|   ;
|   return 0;
| }
configure:3097: result: no
configure:3151: checking for gcc
configure:3177: result: gcc
configure:3421: checking for C compiler version
configure:3424: gcc --version </dev/null >&5
gcc (Debian 14.2.0-19) 14.2.0
Copyright (C) 2024 Free Software Foundation, Inc.
This is free software; see the source for copying conditions.  There is NO
warranty; not even for MERCHANTABILITY or FITNESS FOR A PARTICULAR PURPOSE.

configure:3427: $? = 0
configure:3429: gcc -v </dev/null >&5
Using built-in specs.
COLLECT_GCC=gcc
COLLECT_LTO_WRAPPER=/usr/libexec/gcc/x86_64-linux-gnu/14/lto-wrapper
OFFLOAD_TARGET_NAMES=nvptx-none:amdgcn-amdhsa
OFFLOAD_TARGET_DEFAULT=1
Target: x86_64-linux-gnu
Configured with: ../src/configure -v --with-pkgversion='Debian 14.2.0-19' --with-bugurl=file:///usr/share/doc/gcc-14/README.Bugs --enable-languages=c,ada,c++,go,d,fortran,objc,obj-c++,m2,rust --prefix=/usr --with-gcc-major-version-only --program-suffix=-14 --program-prefix=x86_64-linux-gnu- --enable-shared --enable-linker-build-id --libexecdir=/usr/libexec --without-included-gettext --enable-threads=posix --libdir=/usr/lib --enable-nls --enable-bootstrap --enable-clocale=gnu --enable-libstdcxx-debug --enable-libstdcxx-time=yes --with-default-libstdcxx-abi=new --enable-libstdcxx-backtrace --enable-gnu-unique-object --disable-vtable-verify --enable-plugin --enable-default-pie --with-system-zlib --enable-libphobos-checking=release --with-target-system-zlib=auto --enable-objc-gc=auto --enable-multiarch --disable-werror --enable-cet --with-arch-32=i686 --with-abi=m64 --with-multilib-list=m32,m64,mx32 --enable-multilib --with-tune=generic --enable-offload-targets=nvptx-none=/build/reproducible-path/gcc-14-14.2.0/debian/tmp-nvptx/usr,amdgcn-amdhsa=/build/reproducible-path/gcc-14-14.2.0/debian/tmp-gcn/usr --enable-offload-defaulted --without-cuda-driver --enable-checking=release --build=x86_64-linux-gnu --host=x86_64-linux-gnu --target=x86_64-linux-gnu --with-build-config=bootstrap-lto-lean --enable-link-serialization=3
Thread model: posix
Supported LTO compression algorithms: zlib zstd
gcc version 14.2.0 (Debian 14.2.0-19) 
configure:3432: $? = 0
configure:3434: gcc -V </dev/null >&5
gcc: error: unrecognized command-line option '-V'
gcc: fatal error: no input files
compilation terminated.
configure:3437: $? = 1
configure:3440: checking whether we are using the GNU C compiler
configure:3495: result: yes
configure:3501: checking whether gcc accepts -g
configure:3551: result: yes
configure:3568: checking for gcc option to accept ANSI C
configure:3674: result: none needed
configure:3692: gcc -c -g -O2  conftest.c >&5
conftest.c:2:3: error: unknown type name 'choke'
    2 |   choke me
      |   ^~~~~
conftest.c:2:3: error: expected '=', ',', ';', 'asm' or '__attribute__' at end of input
configure:3698: $? = 1
configure: failed program was:
| #ifndef __cplusplus
|   choke me
| #endif
configure:3830: checking dependency style of gcc
configure:3913: result: gcc3
configure:3935: checking how to run the C preprocessor
configure:3970: gcc -E  conftest.c
configure:3976: $? = 0
configure:4008: gcc -E  conftest.c
conftest.c:11:10: fatal error: ac_nonexistent.h: No such file or directory
   11 | #include <ac_nonexistent.h>
      |          ^~~~~~~~~~~~~~~~~~
compilation terminated.
configure:4014: $? = 1
configure: failed program was:
| /* confdefs.h.  */
| 
| #define PACKAGE_NAME "Lincity"
| #define PACKAGE_TARNAME "lincity"
| #define PACKAGE_VERSION "1.13.1"
| #define PACKAGE_STRING "Lincity 1.13.1"
| #define PACKAGE_BUGREPORT "lincity-users@lists.sourceforge.net"
| #define PACKAGE "lincity"
| #define VERSION "1.13.1"
| /* end confdefs.h.  */
| #include <ac_nonexistent.h>
configure:4053: result: gcc -E
configure:4077: gcc -E  conftest.c
configure:4083: $? = 0
configure:4115: gcc -E  conftest.c
conftest.c:11:10: fatal error: ac_nonexistent.h: No such file or directory
   11 | #include <ac_nonexistent.h>
      |          ^~~~~~~~~~~~~~~~~~
compilation terminated.
configure:4121: $? = 1
configure: failed program was:
| /* confdefs.h.  */
| 
| #define PACKAGE_NAME "Lincity"
| #define PACKAGE_TARNAME "lincity"
| #define PACKAGE_VERSION "1.13.1"
| #define PACKAGE_STRING "Lincity 1.13.1"
| #define PACKAGE_BUGREPORT "lincity-users@lists.sourceforge.net"
| #define PACKAGE "lincity"
| #define VERSION "1.13.1"
| /* end confdefs.h.  */
| #include <ac_nonexistent.h>
configure:4165: checking for egrep
configure:4175: result: grep -E
configure:4181: checking for AIX
configure:4203: result: no
configure:4209: checking whether make sets $(MAKE)
configure:4229: result: yes
configure:4316: checking build system type
configure:4334: result: x86_64-unknown-linux-gnu
configure:4342: checking host system type
configure:4356: result: x86_64-unknown-linux-gnu
configure:4364: checking for a sed that does not truncate output
configure:4418: result: /usr/bin/sed
configure:4432: checking for ld used by gcc
configure:4499: result: /usr/bin/ld
configure:4508: checking if the linker (/usr/bin/ld) is GNU ld
configure:4523: result: yes
configure:4528: checking for /usr/bin/ld option to reload object files
configure:4535: result: -r
configure:4544: checking for BSD-compatible nm
configure:4586: result: /usr/bin/nm -B
configure:4590: checking whether ln -s works
configure:4594: result: yes
configure:4601: checking how to recognise dependent libraries
configure:4775: result: pass_all
configure:4859: gcc -c -g -O2  conftest.c >&5
configure:4862: $? = 0
configure:4982: checking for ANSI C header files
configure:5007: gcc -c -g -O2  conftest.c >&5
configure:5013: $? = 0
configure:5016: test -z 			 || test ! -s conftest.err
configure:5019: $? = 0
configure:5022: test -s conftest.o
configure:5025: $? = 0
configure:5114: gcc -o conftest -g -O2   conftest.c  >&5
conftest.c: In function 'main':
conftest.c:28:7: error: implicit declaration of function 'exit' [-Wimplicit-function-declaration]
   28 |       exit(2);
      |       ^~~~
conftest.c:12:1: note: include '<stdlib.h>' or provide a declaration of 'exit'
   11 | #include <ctype.h>
  +++ |+#include <stdlib.h>
   12 | #if ((' ' & 0x0FF) == 0x020)
conftest.c:28:7: warning: incompatible implicit declaration of built-in function 'exit' [-Wbuiltin-declaration-mismatch]
   28 |       exit(2);
      |       ^~~~
conftest.c:28:7: note: include '<stdlib.h>' or provide a declaration of 'exit'
conftest.c:29:3: warning: incompatible implicit declaration of built-in function 'exit' [-Wbuiltin-declaration-mismatch]
   29 |   exit (0);
      |   ^~~~
conftest.c:29:3: note: include '<stdlib.h>' or provide a declaration of 'exit'
configure:5117: $? = 1
configure: program exited with status 1
configure: failed program was:
| /* confdefs.h.  */
| 
| #define PACKAGE_NAME "Lincity"
| #define PACKAGE_TARNAME "lincity"
| #define PACKAGE_VERSION "1.13.1"
| #define PACKAGE_STRING "Lincity 1.13.1"
| #define PACKAGE_BUGREPORT "lincity-users@lists.sourceforge.net"
| #define PACKAGE "lincity"
| #define VERSION "1.13.1"
| /* end confdefs.h.  */
| #include <ctype.h>
| #if ((' ' & 0x0FF) == 0x020)
| # define ISLOWER(c) ('a' <= (c) && (c) <= 'z')
| # define TOUPPER(c) (ISLOWER(c) ? 'A' + ((c) - 'a') : (c))
| #else
| # define ISLOWER(c) 		   (('a' <= (c) && (c) <= 'i') 		     || ('j' <= (c) && (c) <= 'r') 		     || ('s' <= (c) && (c) <= 'z'))
| # define TOUPPER(c) (ISLOWER(c) ? ((c) | 0x40) : (c))
| #endif
| 
| #define XOR(e, f) (((e) && !(f)) || (!(e) && (f)))
| int
| main ()
| {
|   int i;
|   for (i = 0; i < 256; i++)
|     if (XOR (islower (i), ISLOWER (i))
| 	|| toupper (i) != TOUPPER (i))
|       exit(2);
|   exit (0);
| }
configure:5137: result: no
configure:5161: checking for sys/types.h
configure:5177: gcc -c -g -O2  conftest.c >&5
configure:5183: $? = 0
configure:5186: test -z 			 || test ! -s conftest.err
configure:5189: $? = 0
configure:5192: test -s conftest.o
configure:5195: $? = 0
configure:5206: result: yes
configure:5161: checking for sys/stat.h
configure:5177: gcc -c -g -O2  conftest.c >&5
configure:5183: $? = 0
configure:5186: test -z 			 || test ! -s conftest.err
configure:5189: $? = 0
configure:5192: test -s conftest.o
configure:5195: $? = 0
configure:5206: result: yes
configure:5161: checking for stdlib.h
configure:5177: gcc -c -g -O2  conftest.c >&5
configure:5183: $? = 0
configure:5186: test -z 			 || test ! -s conftest.err
configure:5189: $? = 0
configure:5192: test -s conftest.o
configure:5195: $? = 0
configure:5206: result: yes
configure:5161: checking for string.h
configure:5177: gcc -c -g -O2  conftest.c >&5
configure:5183: $? = 0
configure:5186: test -z 			 || test ! -s conftest.err
configure:5189: $? = 0
configure:5192: test -s conftest.o
configure:5195: $? = 0
configure:5206: result: yes
configure:5161: checking for memory.h
configure:5177: gcc -c -g -O2  conftest.c >&5
configure:5183: $? = 0
configure:5186: test -z 			 || test ! -s conftest.err
configure:5189: $? = 0
configure:5192: test -s conftest.o
configure:5195: $? = 0
configure:5206: result: yes
configure:5161: checking for strings.h
configure:5177: gcc -c -g -O2  conftest.c >&5
configure:5183: $? = 0
configure:5186: test -z 			 || test ! -s conftest.err
configure:5189: $? = 0
configure:5192: test -s conftest.o
configure:5195: $? = 0
configure:5206: result: yes
configure:5161: checking for inttypes.h
configure:5177: gcc -c -g -O2  conftest.c >&5
configure:5183: $? = 0
configure:5186: test -z 			 || test ! -s conftest.err
configure:5189: $? = 0
configure:5192: test -s conftest.o
configure:5195: $? = 0
configure:5206: result: yes
configure:5161: checking for stdint.h
configure:5177: gcc -c -g -O2  conftest.c >&5
configure:5183: $? = 0
configure:5186: test -z 			 || test ! -s conftest.err
configure:5189: $? = 0
configure:5192: test -s conftest.o
configure:5195: $? = 0
configure:5206: result: yes
configure:5161: checking for unistd.h
configure:5177: gcc -c -g -O2  conftest.c >&5
configure:5183: $? = 0
configure:5186: test -z 			 || test ! -s conftest.err
configure:5189: $? = 0
configure:5192: test -s conftest.o
configure:5195: $? = 0
configure:5206: result: yes
configure:5232: checking dlfcn.h usability
configure:5244: gcc -c -g -O2  conftest.c >&5
configure:5250: $? = 0
configure:5253: test -z 			 || test ! -s conftest.err
configure:5256: $? = 0
configure:5259: test -s conftest.o
configure:5262: $? = 0
configure:5272: result: yes
configure:5276: checking dlfcn.h presence
configure:5286: gcc -E  conftest.c
configure:5292: $? = 0
configure:5312: result: yes
configure:5347: checking for dlfcn.h
configure:5354: result: yes
configure:5419: checking for g++
configure:5435: found /usr/bin/g++
configure:5445: result: g++
configure:5461: checking for C++ compiler version
configure:5464: g++ --version </dev/null >&5
g++ (Debian 14.2.0-19) 14.2.0
Copyright (C) 2024 Free Software Foundation, Inc.
This is free software; see the source for copying conditions.  There is NO
warranty; not even for MERCHANTABILITY or FITNESS FOR A PARTICULAR PURPOSE.

configure:5467: $? = 0
configure:5469: g++ -v </dev/null >&5
Using built-in specs.
COLLECT_GCC=g++
COLLECT_LTO_WRAPPER=/usr/libexec/gcc/x86_64-linux-gnu/14/lto-wrapper
OFFLOAD_TARGET_NAMES=nvptx-none:amdgcn-amdhsa
OFFLOAD_TARGET_DEFAULT=1
Target: x86_64-linux-gnu
Configured with: ../src/configure -v --with-pkgversion='Debian 14.2.0-19' --with-bugurl=file:///usr/share/doc/gcc-14/README.Bugs --enable-languages=c,ada,c++,go,d,fortran,objc,obj-c++,m2,rust --prefix=/usr --with-gcc-major-version-only --program-suffix=-14 --program-prefix=x86_64-linux-gnu- --enable-shared --enable-linker-build-id --libexecdir=/usr/libexec --without-included-gettext --enable-threads=posix --libdir=/usr/lib --enable-nls --enable-bootstrap --enable-clocale=gnu --enable-libstdcxx-debug --enable-libstdcxx-time=yes --with-default-libstdcxx-abi=new --enable-libstdcxx-backtrace --enable-gnu-unique-object --disable-vtable-verify --enable-plugin --enable-default-pie --with-system-zlib --enable-libphobos-checking=release --with-target-system-zlib=auto --enable-objc-gc=auto --enable-multiarch --disable-werror --enable-cet --with-arch-32=i686 --with-abi=m64 --with-multilib-list=m32,m64,mx32 --enable-multilib --with-tune=generic --enable-offload-targets=nvptx-none=/build/reproducible-path/gcc-14-14.2.0/debian/tmp-nvptx/usr,amdgcn-amdhsa=/build/reproducible-path/gcc-14-14.2.0/debian/tmp-gcn/usr --enable-offload-defaulted --without-cuda-driver --enable-checking=release --build=x86_64-linux-gnu --host=x86_64-linux-gnu --target=x86_64-linux-gnu --with-build-config=bootstrap-lto-lean --enable-link-serialization=3
Thread model: posix
Supported LTO compression algorithms: zlib zstd
gcc version 14.2.0 (Debian 14.2.0-19) 
configure:5472: $? = 0
configure:5474: g++ -V </dev/null >&5
g++: error: unrecognized command-line option '-V'
g++: fatal error: no input files
compilation terminated.
configure:5477: $? = 1
configure:5480: checking whether we are using the GNU C++ compiler
configure:5504: g++ -c   conftest.cc >&5
configure:5510: $? = 0
configure:5513: test -z 			 || test ! -s conftest.err
configure:5516: $? = 0
configure:5519: test -s conftest.o
configure:5522: $? = 0
configure:5535: result: yes
configure:5541: checking whether g++ accepts -g
configure:5562: g++ -c -g  conftest.cc >&5
configure:5568: $? = 0
configure:5571: test -z 			 || test ! -s conftest.err
configure:5574: $? = 0
configure:5577: test -s conftest.o
configure:5580: $? = 0
configure:5591: result: yes
configure:5633: g++ -c -g -O2  conftest.cc >&5
configure:5639: $? = 0
configure:5642: test -z 			 || test ! -s conftest.err
configure:5645: $? = 0
configure:5648: test -s conftest.o
configure:5651: $? = 0
configure:5677: g++ -c -g -O2  conftest.cc >&5
conftest.cc: In function 'int main()':
conftest.cc:25:1: error: 'exit' was not declared in this scope
   25 | exit (42);
      | ^~~~
conftest.cc:1:1: note: 'exit' is defined in header '<cstdlib>'; this is probably fixable by adding '#include <cstdlib>'
    1 | /* confdefs.h.  */
configure:5683: $? = 1
configure: failed program was:
| /* confdefs.h.  */
| 
| #define PACKAGE_NAME "Lincity"
| #define PACKAGE_TARNAME "lincity"
| #define PACKAGE_VERSION "1.13.1"
| #define PACKAGE_STRING "Lincity 1.13.1"
| #define PACKAGE_BUGREPORT "lincity-users@lists.sourceforge.net"
| #define PACKAGE "lincity"
| #define VERSION "1.13.1"
| #define HAVE_SYS_TYPES_H 1
| #define HAVE_SYS_STAT_H 1
| #define HAVE_STDLIB_H 1
| #define HAVE_STRING_H 1
| #define HAVE_MEMORY_H 1
| #define HAVE_STRINGS_H 1
| #define HAVE_INTTYPES_H 1
| #define HAVE_STDINT_H 1
| #define HAVE_UNISTD_H 1
| #define HAVE_DLFCN_H 1
| /* end confdefs.h.  */
| 
| int
| main ()
| {
| exit (42);
|   ;
|   return 0;
| }
configure:5633: g++ -c -g -O2  conftest.cc >&5
conftest.cc:21:17: warning: 'void std::exit(int)' has not been declared within 'std'
   21 | extern "C" void std::exit (int) throw (); using std::exit;
      |                 ^~~
<built-in>: note: only here as a 'friend'
configure:5639: $? = 0
configure:5642: test -z 			 || test ! -s conftest.err
configure:5645: $? = 0
configure:5648: test -s conftest.o
configure:5651: $? = 0
configure:5677: g++ -c -g -O2  conftest.cc >&5
conftest.cc:21:17: warning: 'void std::exit(int)' has not been declared within 'std'
   21 | extern "C" void std::exit (int) throw (); using std::exit;
      |                 ^~~
<built-in>: note: only here as a 'friend'
configure:5683: $? = 0
configure:5686: test -z 			 || test ! -s conftest.err
configure:5689: $? = 0
configure:5692: test -s conftest.o
configure:5695: $? = 0
configure:5720: checking dependency style of g++
configure:5803: result: gcc3
configure:5825: checking how to run the C++ preprocessor
configure:5856: g++ -E  conftest.cc
configure:5862: $? = 0
configure:5894: g++ -E  conftest.cc
conftest.cc:24:10: fatal error: ac_nonexistent.h: No such file or directory
   24 | #include <ac_nonexistent.h>
      |          ^~~~~~~~~~~~~~~~~~
compilation terminated.
configure:5900: $? = 1
configure: failed program was:
| /* confdefs.h.  */
| 
| #define PACKAGE_NAME "Lincity"
| #define PACKAGE_TARNAME "lincity"
| #define PACKAGE_VERSION "1.13.1"
| #define PACKAGE_STRING "Lincity 1.13.1"
| #define PACKAGE_BUGREPORT "lincity-users@lists.sourceforge.net"
| #define PACKAGE "lincity"
| #define VERSION "1.13.1"
| #define HAVE_SYS_TYPES_H 1
| #define HAVE_SYS_STAT_H 1
| #define HAVE_STDLIB_H 1
| #define HAVE_STRING_H 1
| #define HAVE_MEMORY_H 1
| #define HAVE_STRINGS_H 1
| #define HAVE_INTTYPES_H 1
| #define HAVE_STDINT_H 1
| #define HAVE_UNISTD_H 1
| #define HAVE_DLFCN_H 1
| #ifdef __cplusplus
| extern "C" void std::exit (int) throw (); using std::exit;
| #endif
| /* end confdefs.h.  */
| #include <ac_nonexistent.h>
configure:5939: result: g++ -E
configure:5963: g++ -E  conftest.cc
configure:5969: $? = 0
configure:6001: g++ -E  conftest.cc
conftest.cc:24:10: fatal error: ac_nonexistent.h: No such file or directory
   24 | #include <ac_nonexistent.h>
      |          ^~~~~~~~~~~~~~~~~~
compilation terminated.
configure:6007: $? = 1
configure: failed program was:
| /* confdefs.h.  */
| 
| #define PACKAGE_NAME "Lincity"
| #define PACKAGE_TARNAME "lincity"
| #define PACKAGE_VERSION "1.13.1"
| #define PACKAGE_STRING "Lincity 1.13.1"
| #define PACKAGE_BUGREPORT "lincity-users@lists.sourceforge.net"
| #define PACKAGE "lincity"
| #define VERSION "1.13.1"
| #define HAVE_SYS_TYPES_H 1
| #define HAVE_SYS_STAT_H 1
| #define HAVE_STDLIB_H 1
| #define HAVE_STRING_H 1
| #define HAVE_MEMORY_H 1
| #define HAVE_STRINGS_H 1
| #define HAVE_INTTYPES_H 1
| #define HAVE_STDINT_H 1
| #define HAVE_UNISTD_H 1
| #define HAVE_DLFCN_H 1
| #ifdef __cplusplus
| extern "C" void std::exit (int) throw (); using std::exit;
| #endif
| /* end confdefs.h.  */
| #include <ac_nonexistent.h>
configure:6102: checking for g77
configure:6131: result: no
configure:6102: checking for f77
configure:6131: result: no
configure:6102: checking for xlf
configure:6131: result: no
configure:6102: checking for frt
configure:6131: result: no
configure:6102: checking for pgf77
configure:6131: result: no
configure:6102: checking for fort77
configure:6131: result: no
configure:6102: checking for fl32
configure:6131: result: no
configure:6102: checking for af77
configure:6131: result: no
configure:6102: checking for f90
configure:6131: result: no
configure:6102: checking for xlf90
configure:6131: result: no
configure:6102: checking for pgf90
configure:6131: result: no
configure:6102: checking for epcf90
configure:6131: result: no
configure:6102: checking for f95
configure:6131: result: no
configure:6102: checking for fort
configure:6131: result: no
configure:6102: checking for xlf95
configure:6131: result: no
configure:6102: checking for ifc
configure:6131: result: no
configure:6102: checking for efc
configure:6131: result: no
configure:6102: checking for pgf95
configure:6131: result: no
configure:6102: checking for lf95
configure:6131: result: no
configure:6102: checking for gfortran
configure:6131: result: no
configure:6143: checking for Fortran 77 compiler version
configure:6146:  --version </dev/null >&5
./configure: line 6147: --version: command not found
configure:6149: $? = 127
configure:6151:  -v </dev/null >&5
./configure: line 6152: -v: command not found
configure:6154: $? = 127
configure:6156:  -V </dev/null >&5
./configure: line 6157: -V: command not found
configure:6159: $? = 127
configure:6167: checking whether we are using the GNU Fortran 77 compiler
configure:6181:  -c  conftest.F >&5
./configure: line 6182: -c: command not found
configure:6187: $? = 127
configure: failed program was:
|       program main
| #ifndef __GNUC__
|        choke me
| #endif
| 
|       end
configure:6212: result: no
configure:6218: checking whether  accepts -g
configure:6230:  -c -g conftest.f >&5
./configure: line 6231: -c: command not found
configure:6236: $? = 127
configure: failed program was:
|       program main
| 
|       end
configure:6260: result: no
configure:6290: checking the maximum length of command line arguments
configure:6355: result: 32768
configure:6366: checking command to parse /usr/bin/nm -B output from gcc object
configure:6455: gcc -c -g -O2  conftest.c >&5
configure:6458: $? = 0
configure:6462: /usr/bin/nm -B conftest.o \| sed -n -e 's/^.*[ 	]\([ABCDGIRSTW][ABCDGIRSTW]*\)[ 	][ 	]*\(\)\([_A-Za-z][_A-Za-z0-9]*\)$/\1 \2\3 \3/p' \> conftest.nm
configure:6465: $? = 0
configure:6517: gcc -o conftest -g -O2   conftest.c conftstm.o >&5
configure:6520: $? = 0
configure:6558: result: ok
configure:6562: checking for objdir
configure:6577: result: .libs
configure:6667: checking for ar
configure:6683: found /usr/bin/ar
configure:6694: result: ar
configure:6747: checking for ranlib
configure:6763: found /usr/bin/ranlib
configure:6774: result: ranlib
configure:6827: checking for strip
configure:6843: found /usr/bin/strip
configure:6854: result: strip
configure:7116: checking if gcc static flag  works
configure:7139: result: yes
configure:7157: checking if gcc supports -fno-rtti -fno-exceptions
configure:7175: gcc -c -g -O2  -fno-rtti -fno-exceptions conftest.c >&5
cc1: warning: command-line option '-fno-rtti' is valid for C++/D/ObjC++ but not for C
configure:7179: $? = 0
configure:7190: result: no
configure:7205: checking for gcc option to produce PIC
configure:7382: result: -fPIC
configure:7390: checking if gcc PIC flag -fPIC works
configure:7408: gcc -c -g -O2  -fPIC -DPIC conftest.c >&5
configure:7412: $? = 0
configure:7423: result: yes
configure:7447: checking if gcc supports -c -o file.o
configure:7468: gcc -c -g -O2  -o out/conftest2.o conftest.c >&5
configure:7472: $? = 0
configure:7492: result: yes
configure:7518: checking whether the gcc linker (/usr/bin/ld -m elf_x86_64) supports shared libraries
configure:8365: result: yes
configure:8391: checking whether -lc should be explicitly linked in
configure:8396: gcc -c -g -O2  conftest.c >&5
configure:8399: $? = 0
configure:8413: gcc -shared conftest.o  -v -Wl,-soname -Wl,conftest -o conftest 2\>\&1 \| grep  -lc  \>/dev/null 2\>\&1
configure:8416: $? = 0
configure:8428: result: no
configure:8436: checking dynamic linker characteristics
configure:8976: result: GNU/Linux ld.so
configure:8980: checking how to hardcode library paths into programs
configure:9005: result: immediate
configure:9019: checking whether stripping libraries is possible
configure:9024: result: yes
configure:9847: checking if libtool supports shared libraries
configure:9849: result: yes
configure:9852: checking whether to build shared libraries
configure:9910: result: yes
configure:9913: checking whether to build static libraries
configure:9917: result: yes
configure:10009: creating libtool
configure:10556: checking for ld used by g++
configure:10623: result: /usr/bin/ld -m elf_x86_64
configure:10632: checking if the linker (/usr/bin/ld -m elf_x86_64) is GNU ld
configure:10647: result: yes
configure:10698: checking whether the g++ linker (/usr/bin/ld -m elf_x86_64) supports shared libraries
configure:11524: result: yes
configure:11542: g++ -c -g -O2  conftest.cc >&5
configure:11545: $? = 0
configure:11641: checking for g++ option to produce PIC
configure:11893: result: -fPIC
configure:11901: checking if g++ PIC flag -fPIC works
configure:11919: g++ -c -g -O2  -fPIC -DPIC conftest.cc >&5
configure:11923: $? = 0
configure:11934: result: yes
configure:11958: checking if g++ supports -c -o file.o
configure:11979: g++ -c -g -O2  -o out/conftest2.o conftest.cc >&5
configure:11983: $? = 0
configure:12003: result: yes
configure:12029: checking whether the g++ linker (/usr/bin/ld -m elf_x86_64) supports shared libraries
configure:12057: result: yes
configure:12128: checking dynamic linker characteristics
configure:12668: result: GNU/Linux ld.so
configure:12672: checking how to hardcode library paths into programs
configure:12697: result: immediate
configure:12711: checking whether stripping libraries is possible
configure:12716: result: yes
configure:19939: checking for gzip
configure:19955: found /usr/bin/gzip
configure:19965: result: yes
configure:20001: checking for X
configure:20107: gcc -E  conftest.c
conftest.c:26:10: fatal error: X11/Intrinsic.h: No such file or directory
   26 | #include <X11/Intrinsic.h>
      |          ^~~~~~~~~~~~~~~~~
compilation terminated.
configure:20113: $? = 1
configure: failed program was:
| /* confdefs.h.  */
| 
| #define PACKAGE_NAME "Lincity"
| #define PACKAGE_TARNAME "lincity"
| #define PACKAGE_VERSION "1.13.1"
| #define PACKAGE_STRING "Lincity 1.13.1"
| #define PACKAGE_BUGREPORT "lincity-users@lists.sourceforge.net"
| #define PACKAGE "lincity"
| #define VERSION "1.13.1"
| #define HAVE_SYS_TYPES_H 1
| #define HAVE_SYS_STAT_H 1
| #define HAVE_STDLIB_H 1
| #define HAVE_STRING_H 1
| #define HAVE_MEMORY_H 1
| #define HAVE_STRINGS_H 1
| #define HAVE_INTTYPES_H 1
| #define HAVE_STDINT_H 1
| #define HAVE_UNISTD_H 1
| #define HAVE_DLFCN_H 1
| #ifdef __cplusplus
| extern "C" void std::exit (int) throw (); using std::exit;
| #endif
| #define HAVE_GZIP 1
| #define DEFAULT_LIBDIR "/usr/local/share/lincity"
| /* end confdefs.h.  */
| #include <X11/Intrinsic.h>
configure:20163: gcc -o conftest -g -O2   conftest.c -lXt  >&5
conftest.c:26:10: fatal error: X11/Intrinsic.h: No such file or directory
   26 | #include <X11/Intrinsic.h>
      |          ^~~~~~~~~~~~~~~~~
compilation terminated.
configure:20169: $? = 1
configure: failed program was:
| /* confdefs.h.  */
| 
| #define PACKAGE_NAME "Lincity"
| #define PACKAGE_TARNAME "lincity"
| #define PACKAGE_VERSION "1.13.1"
| #define PACKAGE_STRING "Lincity 1.13.1"
| #define PACKAGE_BUGREPORT "lincity-users@lists.sourceforge.net"
| #define PACKAGE "lincity"
| #define VERSION "1.13.1"
| #define HAVE_SYS_TYPES_H 1
| #define HAVE_SYS_STAT_H 1
| #define HAVE_STDLIB_H 1
| #define HAVE_STRING_H 1
| #define HAVE_MEMORY_H 1
| #define HAVE_STRINGS_H 1
| #define HAVE_INTTYPES_H 1
| #define HAVE_STDINT_H 1
| #define HAVE_UNISTD_H 1
| #define HAVE_DLFCN_H 1
| #ifdef __cplusplus
| extern "C" void std::exit (int) throw (); using std::exit;
| #endif
| #define HAVE_GZIP 1
| #define DEFAULT_LIBDIR "/usr/local/share/lincity"
| /* end confdefs.h.  */
| #include <X11/Intrinsic.h>
| int
| main ()
| {
| XtMalloc (0)
|   ;
|   return 0;
| }
configure:20221: result: no
configure:21393: checking for dirent.h that defines DIR
configure:21417: gcc -c -g -O2  -Wall  conftest.c >&5
configure:21423: $? = 0
configure:21426: test -z 			 || test ! -s conftest.err
configure:21429: $? = 0
configure:21432: test -s conftest.o
configure:21435: $? = 0
configure:21446: result: yes
configure:21459: checking for library containing opendir
configure:21489: gcc -o conftest -g -O2  -Wall   conftest.c     >&5
configure:21495: $? = 0
configure:21498: test -z 			 || test ! -s conftest.err
configure:21501: $? = 0
configure:21504: test -s conftest
configure:21507: $? = 0
configure:21576: result: none required
configure:21710: checking whether time.h and sys/time.h may both be included
configure:21735: gcc -c -g -O2  -Wall  conftest.c >&5
configure:21741: $? = 0
configure:21744: test -z 			 || test ! -s conftest.err
configure:21747: $? = 0
configure:21750: test -s conftest.o
configure:21753: $? = 0
configure:21764: result: yes
configure:21775: checking for an ANSI C-conforming const
configure:21842: gcc -c -g -O2  -Wall  conftest.c >&5
conftest.c: In function 'main':
conftest.c:56:17: warning: unused variable 's' [-Wunused-variable]
   56 |     char const *s = 0 ? (char *) 0 : (char const *) 0;
      |                 ^
conftest.c:76:15: warning: unused variable 'foo' [-Wunused-variable]
   76 |     const int foo = 10;
      |               ^~~
conftest.c:43:29: warning: unused variable 'zero' [-Wunused-variable]
   43 |   static struct point const zero = {0,0};
      |                             ^~~~
conftest.c:37:17: warning: unused variable 'x' [-Wunused-variable]
   37 |   const charset x;
      |                 ^
conftest.c:58:7: warning: 't' is used uninitialized [-Wuninitialized]
   58 |     *t++ = 0;
      |      ~^~
conftest.c:55:11: note: 't' was declared here
   55 |     char *t;
      |           ^
conftest.c:73:23: warning: 'b' is used uninitialized [-Wuninitialized]
   73 |     struct s *b; b->j = 5;
      |                  ~~~~~^~~
conftest.c:73:15: note: 'b' was declared here
   73 |     struct s *b; b->j = 5;
      |               ^
configure:21848: $? = 0
configure:21851: test -z 			 || test ! -s conftest.err
configure:21854: $? = 0
configure:21857: test -s conftest.o
configure:21860: $? = 0
configure:21871: result: yes
configure:21881: checking for inline
configure:21902: gcc -c -g -O2  -Wall  conftest.c >&5
configure:21908: $? = 0
configure:21911: test -z 			 || test ! -s conftest.err
configure:21914: $? = 0
configure:21917: test -s conftest.o
configure:21920: $? = 0
configure:21932: result: inline
configure:21952: checking for char
configure:21976: gcc -c -g -O2  -Wall  conftest.c >&5
configure:21982: $? = 0
configure:21985: test -z 			 || test ! -s conftest.err
configure:21988: $? = 0
configure:21991: test -s conftest.o
configure:21994: $? = 0
configure:22005: result: yes
configure:22008: checking size of char
configure:22320: gcc -o conftest -g -O2  -Wall   conftest.c     >&5
configure:22323: $? = 0
configure:22325: ./conftest
configure:22328: $? = 0
configure:22351: result: 1
configure:22358: checking for short
configure:22382: gcc -c -g -O2  -Wall  conftest.c >&5
configure:22388: $? = 0
configure:22391: test -z 			 || test ! -s conftest.err
configure:22394: $? = 0
configure:22397: test -s conftest.o
configure:22400: $? = 0
configure:22411: result: yes
configure:22414: checking size of short
configure:22726: gcc -o conftest -g -O2  -Wall   conftest.c     >&5
configure:22729: $? = 0
configure:22731: ./conftest
configure:22734: $? = 0
configure:22757: result: 2
configure:22764: checking for int
configure:22788: gcc -c -g -O2  -Wall  conftest.c >&5
configure:22794: $? = 0
configure:22797: test -z 			 || test ! -s conftest.err
configure:22800: $? = 0
configure:22803: test -s conftest.o
configure:22806: $? = 0
configure:22817: result: yes
configure:22820: checking size of int
configure:23132: gcc -o conftest -g -O2  -Wall   conftest.c     >&5
configure:23135: $? = 0
configure:23137: ./conftest
configure:23140: $? = 0
configure:23163: result: 4
configure:23170: checking for long
configure:23194: gcc -c -g -O2  -Wall  conftest.c >&5
configure:23200: $? = 0
configure:23203: test -z 			 || test ! -s conftest.err
configure:23206: $? = 0
configure:23209: test -s conftest.o
configure:23212: $? = 0
configure:23223: result: yes
configure:23226: checking size of long
configure:23538: gcc -o conftest -g -O2  -Wall   conftest.c     >&5
configure:23541: $? = 0
configure:23543: ./conftest
configure:23546: $? = 0
configure:23569: result: 8
configure:23617: checking for ranlib
configure:23644: result: ranlib
configure:23663: checking for gettimeofday
configure:23720: gcc -o conftest -g -O2  -Wall   conftest.c     >&5
configure:23726: $? = 0
configure:23729: test -z 			 || test ! -s conftest.err
configure:23732: $? = 0
configure:23735: test -s conftest
configure:23738: $? = 0
configure:23750: result: yes
configure:23663: checking for mkdir
configure:23720: gcc -o conftest -g -O2  -Wall   conftest.c     >&5
configure:23726: $? = 0
configure:23729: test -z 			 || test ! -s conftest.err
configure:23732: $? = 0
configure:23735: test -s conftest
configure:23738: $? = 0
configure:23750: result: yes
configure:23663: checking for popen
configure:23720: gcc -o conftest -g -O2  -Wall   conftest.c     >&5
configure:23726: $? = 0
configure:23729: test -z 			 || test ! -s conftest.err
configure:23732: $? = 0
configure:23735: test -s conftest
configure:23738: $? = 0
configure:23750: result: yes
configure:23770: checking for XOpenDisplay in -lX11
configure:23800: gcc -o conftest -g -O2  -Wall   conftest.c -lX11      >&5
configure:23806: $? = 0
configure:23809: test -z 			 || test ! -s conftest.err
configure:23812: $? = 0
configure:23815: test -s conftest
configure:23818: $? = 0
configure:23831: result: yes
configure:23844: checking for gl_putbox in -lvgagl
configure:23874: gcc -o conftest -g -O2  -Wall   conftest.c -lvgagl -lvga     >&5
/usr/bin/ld: cannot find -lvgagl: No such file or directory
/usr/bin/ld: cannot find -lvga: No such file or directory
collect2: error: ld returned 1 exit status
configure:23880: $? = 1
configure: failed program was:
| /* confdefs.h.  */
| 
| #define PACKAGE_NAME "Lincity"
| #define PACKAGE_TARNAME "lincity"
| #define PACKAGE_VERSION "1.13.1"
| #define PACKAGE_STRING "Lincity 1.13.1"
| #define PACKAGE_BUGREPORT "lincity-users@lists.sourceforge.net"
| #define PACKAGE "lincity"
| #define VERSION "1.13.1"
| #define HAVE_SYS_TYPES_H 1
| #define HAVE_SYS_STAT_H 1
| #define HAVE_STDLIB_H 1
| #define HAVE_STRING_H 1
| #define HAVE_MEMORY_H 1
| #define HAVE_STRINGS_H 1
| #define HAVE_INTTYPES_H 1
| #define HAVE_STDINT_H 1
| #define HAVE_UNISTD_H 1
| #define HAVE_DLFCN_H 1
| #ifdef __cplusplus
| extern "C" void std::exit (int) throw (); using std::exit;
| #endif
| #define HAVE_GZIP 1
| #define DEFAULT_LIBDIR "/usr/local/share/lincity"
| #define X_DISPLAY_MISSING 1
| #define HAVE_DIRENT_H 1
| #define TIME_WITH_SYS_TIME 1
| #define SIZEOF_CHAR 1
| #define SIZEOF_SHORT 2
| #define SIZEOF_INT 4
| #define SIZEOF_LONG 8
| #define HAVE_GETTIMEOFDAY 1
| #define HAVE_MKDIR 1
| #define HAVE_POPEN 1
| /* end confdefs.h.  */
| 
| /* Override any gcc2 internal prototype to avoid an error.  */
| #ifdef __cplusplus
| extern "C"
| #endif
| /* We use char because int might match the return type of a gcc2
|    builtin and then its argument prototype would still apply.  */
| char gl_putbox ();
| int
| main ()
| {
| gl_putbox ();
|   ;
|   return 0;
| }
configure:23905: result: no
configure:24084: checking for msgfmt
configure:24115: result: no
configure:24121: checking for gmsgfmt
configure:24152: result: :
configure:24162: checking for xgettext
configure:24193: result: no
configure:24201: checking for msgmerge
configure:24231: result: no
configure:24263: checking for off_t
configure:24287: gcc -c -g -O2  -Wall  conftest.c >&5
configure:24293: $? = 0
configure:24296: test -z 			 || test ! -s conftest.err
configure:24299: $? = 0
configure:24302: test -s conftest.o
configure:24305: $? = 0
configure:24316: result: yes
configure:24328: checking for size_t
configure:24352: gcc -c -g -O2  -Wall  conftest.c >&5
configure:24358: $? = 0
configure:24361: test -z 			 || test ! -s conftest.err
configure:24364: $? = 0
configure:24367: test -s conftest.o
configure:24370: $? = 0
configure:24381: result: yes
configure:24395: checking for working alloca.h
configure:24416: gcc -o conftest -g -O2  -Wall   conftest.c     >&5
conftest.c: In function 'main':
conftest.c:40:7: warning: unused variable 'p' [-Wunused-variable]
   40 | char *p = (char *) alloca (2 * sizeof (int));
      |       ^
configure:24422: $? = 0
configure:24425: test -z 			 || test ! -s conftest.err
configure:24428: $? = 0
configure:24431: test -s conftest
configure:24434: $? = 0
configure:24446: result: yes
configure:24456: checking for alloca
configure:24497: gcc -o conftest -g -O2  -Wall   conftest.c     >&5
conftest.c: In function 'main':
conftest.c:61:7: warning: unused variable 'p' [-Wunused-variable]
   61 | char *p = (char *) alloca (1);
      |       ^
configure:24503: $? = 0
configure:24506: test -z 			 || test ! -s conftest.err
configure:24509: $? = 0
configure:24512: test -s conftest
configure:24515: $? = 0
configure:24527: result: yes
configure:24755: checking for stdlib.h
configure:24760: result: yes
configure:24755: checking for unistd.h
configure:24760: result: yes
configure:24903: checking for getpagesize
configure:24960: gcc -o conftest -g -O2  -Wall   conftest.c     >&5
configure:24966: $? = 0
configure:24969: test -z 			 || test ! -s conftest.err
configure:24972: $? = 0
configure:24975: test -s conftest
configure:24978: $? = 0
configure:24990: result: yes
configure:25000: checking for working mmap
configure:25142: gcc -o conftest -g -O2  -Wall   conftest.c     >&5
configure:25145: $? = 0
configure:25147: ./conftest
configure:25150: $? = 0
configure:25164: result: yes
configure:25176: checking whether we are using the GNU C Library 2.1 or newer
configure:25207: result: yes
configure:25215: checking whether integer division by zero raises SIGFPE
configure:25277: gcc -o conftest -g -O2  -Wall   conftest.c     >&5
conftest.c:60:5: warning: built-in function 'nan' declared as non-function [-Wbuiltin-declaration-mismatch]
   60 | int nan;
      |     ^~~
configure:25280: $? = 0
configure:25282: ./conftest
configure:25285: $? = 0
configure:25300: result: yes
configure:25313: checking for inttypes.h
configure:25335: gcc -c -g -O2  -Wall  conftest.c >&5
conftest.c: In function 'main':
conftest.c:48:11: warning: unused variable 'i' [-Wunused-variable]
   48 | uintmax_t i = (uintmax_t) -1;
      |           ^
configure:25341: $? = 0
configure:25344: test -z 			 || test ! -s conftest.err
configure:25347: $? = 0
configure:25350: test -s conftest.o
configure:25353: $? = 0
configure:25364: result: yes
configure:25375: checking for stdint.h
configure:25397: gcc -c -g -O2  -Wall  conftest.c >&5
conftest.c: In function 'main':
conftest.c:49:11: warning: unused variable 'i' [-Wunused-variable]
   49 | uintmax_t i = (uintmax_t) -1;
      |           ^
configure:25403: $? = 0
configure:25406: test -z 			 || test ! -s conftest.err
configure:25409: $? = 0
configure:25412: test -s conftest.o
configure:25415: $? = 0
configure:25426: result: yes
configure:25437: checking for unsigned long long
configure:25459: gcc -o conftest -g -O2  -Wall   conftest.c     >&5
configure:25465: $? = 0
configure:25468: test -z 			 || test ! -s conftest.err
configure:25471: $? = 0
configure:25474: test -s conftest
configure:25477: $? = 0
configure:25489: result: yes
configure:25515: checking for inttypes.h
configure:25538: gcc -c -g -O2  -Wall  conftest.c >&5
configure:25544: $? = 0
configure:25547: test -z 			 || test ! -s conftest.err
configure:25550: $? = 0
configure:25553: test -s conftest.o
configure:25556: $? = 0
configure:25568: result: yes
configure:25581: checking whether the inttypes.h PRIxNN macros are broken
configure:25607: gcc -c -g -O2  -Wall  conftest.c >&5
configure:25613: $? = 0
configure:25616: test -z 			 || test ! -s conftest.err
configure:25619: $? = 0
configure:25622: test -s conftest.o
configure:25625: $? = 0
configure:25637: result: no
configure:25675: checking for ld used by GCC
configure:25738: result: /usr/bin/ld -m elf_x86_64
configure:25747: checking if the linker (/usr/bin/ld -m elf_x86_64) is GNU ld
GNU ld (GNU Binutils for Debian) 2.44
configure:25759: result: yes
configure:25765: checking for shared library run path origin
configure:25778: result: done
configure:26206: checking argz.h usability
configure:26218: gcc -c -g -O2  -Wall  conftest.c >&5
configure:26224: $? = 0
configure:26227: test -z 			 || test ! -s conftest.err
configure:26230: $? = 0
configure:26233: test -s conftest.o
configure:26236: $? = 0
configure:26246: result: yes
configure:26250: checking argz.h presence
configure:26260: gcc -E  conftest.c
configure:26266: $? = 0
configure:26286: result: yes
configure:26321: checking for argz.h
configure:26328: result: yes
configure:26206: checking limits.h usability
configure:26218: gcc -c -g -O2  -Wall  conftest.c >&5
configure:26224: $? = 0
configure:26227: test -z 			 || test ! -s conftest.err
configure:26230: $? = 0
configure:26233: test -s conftest.o
configure:26236: $? = 0
configure:26246: result: yes
configure:26250: checking limits.h presence
configure:26260: gcc -E  conftest.c
configure:26266: $? = 0
configure:26286: result: yes
configure:26321: checking for limits.h
configure:26328: result: yes
configure:26206: checking locale.h usability
configure:26218: gcc -c -g -O2  -Wall  conftest.c >&5
configure:26224: $? = 0
configure:26227: test -z 			 || test ! -s conftest.err
configure:26230: $? = 0
configure:26233: test -s conftest.o
configure:26236: $? = 0
configure:26246: result: yes
configure:26250: checking locale.h presence
configure:26260: gcc -E  conftest.c
configure:26266: $? = 0
configure:26286: result: yes
configure:26321: checking for locale.h
configure:26328: result: yes
configure:26206: checking nl_types.h usability
configure:26218: gcc -c -g -O2  -Wall  conftest.c >&5
configure:26224: $? = 0
configure:26227: test -z 			 || test ! -s conftest.err
configure:26230: $? = 0
configure:26233: test -s conftest.o
configure:26236: $? = 0
configure:26246: result: yes
configure:26250: checking nl_types.h presence
configure:26260: gcc -E  conftest.c
configure:26266: $? = 0
configure:26286: result: yes
configure:26321: checking for nl_types.h
configure:26328: result: yes
configure:26206: checking malloc.h usability
configure:26218: gcc -c -g -O2  -Wall  conftest.c >&5
configure:26224: $? = 0
configure:26227: test -z 			 || test ! -s conftest.err
configure:26230: $? = 0
configure:26233: test -s conftest.o
configure:26236: $? = 0
configure:26246: result: yes
configure:26250: checking malloc.h presence
configure:26260: gcc -E  conftest.c
configure:26266: $? = 0
configure:26286: result: yes
configure:26321: checking for malloc.h
configure:26328: result: yes
configure:26206: checking stddef.h usability
configure:26218: gcc -c -g -O2  -Wall  conftest.c >&5
configure:26224: $? = 0
configure:26227: test -z 			 || test ! -s conftest.err
configure:26230: $? = 0
configure:26233: test -s conftest.o
configure:26236: $? = 0
configure:26246: result: yes
configure:26250: checking stddef.h presence
configure:26260: gcc -E  conftest.c
configure:26266: $? = 0
configure:26286: result: yes
configure:26321: checking for stddef.h
configure:26328: result: yes
configure:26197: checking for stdlib.h
configure:26202: result: yes
configure:26197: checking for string.h
configure:26202: result: yes
configure:26197: checking for unistd.h
configure:26202: result: yes
configure:26206: checking sys/param.h usability
configure:26218: gcc -c -g -O2  -Wall  conftest.c >&5
configure:26224: $? = 0
configure:26227: test -z 			 || test ! -s conftest.err
configure:26230: $? = 0
configure:26233: test -s conftest.o
configure:26236: $? = 0
configure:26246: result: yes
configure:26250: checking sys/param.h presence
configure:26260: gcc -E  conftest.c
configure:26266: $? = 0
configure:26286: result: yes
configure:26321: checking for sys/param.h
configure:26328: result: yes
configure:26367: checking for feof_unlocked
configure:26424: gcc -o conftest -g -O2  -Wall   conftest.c     >&5
configure:26430: $? = 0
configure:26433: test -z 			 || test ! -s conftest.err
configure:26436: $? = 0
configure:26439: test -s conftest
configure:26442: $? = 0
configure:26454: result: yes
configure:26367: checking for fgets_unlocked
configure:26424: gcc -o conftest -g -O2  -Wall   conftest.c     >&5
configure:26430: $? = 0
configure:26433: test -z 			 || test ! -s conftest.err
configure:26436: $? = 0
configure:26439: test -s conftest
configure:26442: $? = 0
configure:26454: result: yes
configure:26367: checking for getc_unlocked
configure:26424: gcc -o conftest -g -O2  -Wall   conftest.c     >&5
configure:26430: $? = 0
configure:26433: test -z 			 || test ! -s conftest.err
configure:26436: $? = 0
configure:26439: test -s conftest
configure:26442: $? = 0
configure:26454: result: yes
configure:26367: checking for getcwd
configure:26424: gcc -o conftest -g -O2  -Wall   conftest.c     >&5
configure:26430: $? = 0
configure:26433: test -z 			 || test ! -s conftest.err
configure:26436: $? = 0
configure:26439: test -s conftest
configure:26442: $? = 0
configure:26454: result: yes
configure:26367: checking for getegid
configure:26424: gcc -o conftest -g -O2  -Wall   conftest.c     >&5
configure:26430: $? = 0
configure:26433: test -z 			 || test ! -s conftest.err
configure:26436: $? = 0
configure:26439: test -s conftest
configure:26442: $? = 0
configure:26454: result: yes
configure:26367: checking for geteuid
configure:26424: gcc -o conftest -g -O2  -Wall   conftest.c     >&5
configure:26430: $? = 0
configure:26433: test -z 			 || test ! -s conftest.err
configure:26436: $? = 0
configure:26439: test -s conftest
configure:26442: $? = 0
configure:26454: result: yes
configure:26367: checking for getgid
configure:26424: gcc -o conftest -g -O2  -Wall   conftest.c     >&5
configure:26430: $? = 0
configure:26433: test -z 			 || test ! -s conftest.err
configure:26436: $? = 0
configure:26439: test -s conftest
configure:26442: $? = 0
configure:26454: result: yes
configure:26367: checking for getuid
configure:26424: gcc -o conftest -g -O2  -Wall   conftest.c     >&5
configure:26430: $? = 0
configure:26433: test -z 			 || test ! -s conftest.err
configure:26436: $? = 0
configure:26439: test -s conftest
configure:26442: $? = 0
configure:26454: result: yes
configure:26367: checking for mempcpy
configure:26424: gcc -o conftest -g -O2  -Wall   conftest.c     >&5
conftest.c:89:6: warning: conflicting types for built-in function 'mempcpy'; expected 'void *(void *, const void *, long unsigned int)' [-Wbuiltin-declaration-mismatch]
   89 | char mempcpy ();
      |      ^~~~~~~
configure:26430: $? = 0
configure:26433: test -z 			 || test ! -s conftest.err
configure:26436: $? = 0
configure:26439: test -s conftest
configure:26442: $? = 0
configure:26454: result: yes
configure:26367: checking for munmap
configure:26424: gcc -o conftest -g -O2  -Wall   conftest.c     >&5
configure:26430: $? = 0
configure:26433: test -z 			 || test ! -s conftest.err
configure:26436: $? = 0
configure:26439: test -s conftest
configure:26442: $? = 0
configure:26454: result: yes
configure:26367: checking for putenv
configure:26424: gcc -o conftest -g -O2  -Wall   conftest.c     >&5
configure:26430: $? = 0
configure:26433: test -z 			 || test ! -s conftest.err
configure:26436: $? = 0
configure:26439: test -s conftest
configure:26442: $? = 0
configure:26454: result: yes
configure:26367: checking for setenv
configure:26424: gcc -o conftest -g -O2  -Wall   conftest.c     >&5
configure:26430: $? = 0
configure:26433: test -z 			 || test ! -s conftest.err
configure:26436: $? = 0
configure:26439: test -s conftest
configure:26442: $? = 0
configure:26454: result: yes
configure:26367: checking for setlocale
configure:26424: gcc -o conftest -g -O2  -Wall   conftest.c     >&5
configure:26430: $? = 0
configure:26433: test -z 			 || test ! -s conftest.err
configure:26436: $? = 0
configure:26439: test -s conftest
configure:26442: $? = 0
configure:26454: result: yes
configure:26367: checking for stpcpy
configure:26424: gcc -o conftest -g -O2  -Wall   conftest.c     >&5
conftest.c:94:6: warning: conflicting types for built-in function 'stpcpy'; expected 'char *(char *, const char *)' [-Wbuiltin-declaration-mismatch]
   94 | char stpcpy ();
      |      ^~~~~~
configure:26430: $? = 0
configure:26433: test -z 			 || test ! -s conftest.err
configure:26436: $? = 0
configure:26439: test -s conftest
configure:26442: $? = 0
configure:26454: result: yes
configure:26367: checking for strcasecmp
configure:26424: gcc -o conftest -g -O2  -Wall   conftest.c     >&5
conftest.c:95:6: warning: conflicting types for built-in function 'strcasecmp'; expected 'int(const char *, const char *)' [-Wbuiltin-declaration-mismatch]
   95 | char strcasecmp ();
      |      ^~~~~~~~~~
configure:26430: $? = 0
configure:26433: test -z 			 || test ! -s conftest.err
configure:26436: $? = 0
configure:26439: test -s conftest
configure:26442: $? = 0
configure:26454: result: yes
configure:26367: checking for strdup
configure:26424: gcc -o conftest -g -O2  -Wall   conftest.c     >&5
conftest.c:96:6: warning: conflicting types for built-in function 'strdup'; expected 'char *(const char *)' [-Wbuiltin-declaration-mismatch]
   96 | char strdup ();
      |      ^~~~~~
configure:26430: $? = 0
configure:26433: test -z 			 || test ! -s conftest.err
configure:26436: $? = 0
configure:26439: test -s conftest
configure:26442: $? = 0
configure:26454: result: yes
configure:26367: checking for strtoul
configure:26424: gcc -o conftest -g -O2  -Wall   conftest.c     >&5
configure:26430: $? = 0
configure:26433: test -z 			 || test ! -s conftest.err
configure:26436: $? = 0
configure:26439: test -s conftest
configure:26442: $? = 0
configure:26454: result: yes
configure:26367: checking for tsearch
configure:26424: gcc -o conftest -g -O2  -Wall   conftest.c     >&5
configure:26430: $? = 0
configure:26433: test -z 			 || test ! -s conftest.err
configure:26436: $? = 0
configure:26439: test -s conftest
configure:26442: $? = 0
configure:26454: result: yes
configure:26367: checking for __argz_count
configure:26424: gcc -o conftest -g -O2  -Wall   conftest.c     >&5
configure:26430: $? = 0
configure:26433: test -z 			 || test ! -s conftest.err
configure:26436: $? = 0
configure:26439: test -s conftest
configure:26442: $? = 0
configure:26454: result: yes
configure:26367: checking for __argz_stringify
configure:26424: gcc -o conftest -g -O2  -Wall   conftest.c     >&5
configure:26430: $? = 0
configure:26433: test -z 			 || test ! -s conftest.err
configure:26436: $? = 0
configure:26439: test -s conftest
configure:26442: $? = 0
configure:26454: result: yes
configure:26367: checking for __argz_next
configure:26424: gcc -o conftest -g -O2  -Wall   conftest.c     >&5
configure:26430: $? = 0
configure:26433: test -z 			 || test ! -s conftest.err
configure:26436: $? = 0
configure:26439: test -s conftest
configure:26442: $? = 0
configure:26454: result: yes
configure:26495: checking for iconv
configure:26522: gcc -o conftest -g -O2  -Wall   conftest.c     >&5
configure:26528: $? = 0
configure:26531: test -z 			 || test ! -s conftest.err
configure:26534: $? = 0
configure:26537: test -s conftest
configure:26540: $? = 0
configure:26605: result: yes
configure:26628: checking for iconv declaration
configure:26662: gcc -c -g -O2  -Wall  conftest.c >&5
configure:26668: $? = 0
configure:26671: test -z 			 || test ! -s conftest.err
configure:26674: $? = 0
configure:26677: test -s conftest.o
configure:26680: $? = 0
configure:26695: result: 
         extern size_t iconv (iconv_t cd, char * *inbuf, size_t *inbytesleft, char * *outbuf, size_t *outbytesleft);
configure:26706: checking for nl_langinfo and CODESET
configure:26727: gcc -o conftest -g -O2  -Wall   conftest.c     >&5
conftest.c: In function 'main':
conftest.c:84:7: warning: unused variable 'cs' [-Wunused-variable]
   84 | char* cs = nl_langinfo(CODESET);
      |       ^~
configure:26733: $? = 0
configure:26736: test -z 			 || test ! -s conftest.err
configure:26739: $? = 0
configure:26742: test -s conftest
configure:26745: $? = 0
configure:26758: result: yes
configure:26770: checking for LC_MESSAGES
configure:26791: gcc -o conftest -g -O2  -Wall   conftest.c     >&5
configure:26797: $? = 0
configure:26800: test -z 			 || test ! -s conftest.err
configure:26803: $? = 0
configure:26806: test -s conftest
configure:26809: $? = 0
configure:26821: result: yes
configure:26837: checking for bison
configure:26866: result: no
configure:26906: checking whether NLS is requested
configure:26915: result: yes
configure:26930: checking whether included gettext is requested
configure:26940: result: no
configure:26951: checking for GNU gettext in libc
configure:26975: gcc -o conftest -g -O2  -Wall   conftest.c     >&5
conftest.c: In function 'main':
conftest.c:89:8: warning: cast from pointer to integer of different size [-Wpointer-to-int-cast]
   89 | return (int) gettext ("") + _nl_msg_cat_cntr + *_nl_domain_bindings
      |        ^
configure:26981: $? = 0
configure:26984: test -z 			 || test ! -s conftest.err
configure:26987: $? = 0
configure:26990: test -s conftest
configure:26993: $? = 0
configure:27005: result: yes
configure:27783: creating ./config.status

## ---------------------- ##
## Running config.status. ##
## ---------------------- ##

This file was extended by Lincity config.status 1.13.1, which was
generated by GNU Autoconf 2.59.  Invocation command line was

  CONFIG_FILES    = 
  CONFIG_HEADERS  = 
  CONFIG_LINKS    = 
  CONFIG_COMMANDS = 
  $ ./config.status 

on debian

config.status:792: creating Makefile
config.status:792: creating intl/Makefile
config.status:792: creating po/Makefile.in
config.status:792: creating m4/Makefile
config.status:792: creating modules/Makefile
config.status:858: creating config.h
config.status:1304: executing depfiles commands
config.status:1304: executing default-1 commands

## ---------------- ##
## Cache variables. ##
## ---------------- ##

ac_cv_build=x86_64-unknown-linux-gnu
ac_cv_build_alias=x86_64-unknown-linux-gnu
ac_cv_c_compiler_gnu=yes
ac_cv_c_const=yes
ac_cv_c_inline=inline
ac_cv_cxx_compiler_gnu=yes
ac_cv_env_CC_set=
ac_cv_env_CC_value=
ac_cv_env_CFLAGS_set=
ac_cv_env_CFLAGS_value=
ac_cv_env_CPPFLAGS_set=
ac_cv_env_CPPFLAGS_value=
ac_cv_env_CPP_set=
ac_cv_env_CPP_value=
ac_cv_env_CXXCPP_set=
ac_cv_env_CXXCPP_value=
ac_cv_env_CXXFLAGS_set=
ac_cv_env_CXXFLAGS_value=
ac_cv_env_CXX_set=
ac_cv_env_CXX_value=
ac_cv_env_F77_set=
ac_cv_env_F77_value=
ac_cv_env_FFLAGS_set=
ac_cv_env_FFLAGS_value=
ac_cv_env_LDFLAGS_set=
ac_cv_env_LDFLAGS_value=
ac_cv_env_build_alias_set=
ac_cv_env_build_alias_value=
ac_cv_env_host_alias_set=
ac_cv_env_host_alias_value=
ac_cv_env_target_alias_set=
ac_cv_env_target_alias_value=
ac_cv_exeext=
ac_cv_f77_compiler_gnu=no
ac_cv_func___argz_count=yes
ac_cv_func___argz_next=yes
ac_cv_func___argz_stringify=yes
ac_cv_func_alloca_works=yes
ac_cv_func_feof_unlocked=yes
ac_cv_func_fgets_unlocked=yes
ac_cv_func_getc_unlocked=yes
ac_cv_func_getcwd=yes
ac_cv_func_getegid=yes
ac_cv_func_geteuid=yes
ac_cv_func_getgid=yes
ac_cv_func_getpagesize=yes
ac_cv_func_gettimeofday=yes
ac_cv_func_getuid=yes
ac_cv_func_mempcpy=yes
ac_cv_func_mkdir=yes
ac_cv_func_mmap_fixed_mapped=yes
ac_cv_func_munmap=yes
ac_cv_func_popen=yes
ac_cv_func_putenv=yes
ac_cv_func_setenv=yes
ac_cv_func_setlocale=yes
ac_cv_func_stpcpy=yes
ac_cv_func_strcasecmp=yes
ac_cv_func_strdup=yes
ac_cv_func_strtoul=yes
ac_cv_func_tsearch=yes
ac_cv_gnu_library_2_1=yes
ac_cv_have_x=have_x=no
ac_cv_header_argz_h=yes
ac_cv_header_dirent_dirent_h=yes
ac_cv_header_dlfcn_h=yes
ac_cv_header_inttypes_h=yes
ac_cv_header_limits_h=yes
ac_cv_header_locale_h=yes
ac_cv_header_malloc_h=yes
ac_cv_header_memory_h=yes
ac_cv_header_nl_types_h=yes
ac_cv_header_stdc=no
ac_cv_header_stddef_h=yes
ac_cv_header_stdint_h=yes
ac_cv_header_stdlib_h=yes
ac_cv_header_string_h=yes
ac_cv_header_strings_h=yes
ac_cv_header_sys_param_h=yes
ac_cv_header_sys_stat_h=yes
ac_cv_header_sys_types_h=yes
ac_cv_header_time=yes
ac_cv_header_unistd_h=yes
ac_cv_host=x86_64-unknown-linux-gnu
ac_cv_host_alias=x86_64-unknown-linux-gnu
ac_cv_lib_X11_XOpenDisplay=yes
ac_cv_lib_cposix_strerror=no
ac_cv_lib_vgagl_gl_putbox=no
ac_cv_objext=o
ac_cv_path_GMSGFMT=:
ac_cv_path_MSGFMT=:
ac_cv_path_MSGMERGE=:
ac_cv_path_XGETTEXT=:
ac_cv_path_install='/usr/bin/install -c'
ac_cv_prog_AWK=mawk
ac_cv_prog_CPP='gcc -E'
ac_cv_prog_CXXCPP='g++ -E'
ac_cv_prog_ac_ct_AR=ar
ac_cv_prog_ac_ct_CC=gcc
ac_cv_prog_ac_ct_CXX=g++
ac_cv_prog_ac_ct_RANLIB=ranlib
ac_cv_prog_ac_ct_STRIP=strip
ac_cv_prog_cc_g=yes
ac_cv_prog_cc_stdc=
ac_cv_prog_cxx_g=yes
ac_cv_prog_egrep='grep -E'
ac_cv_prog_f77_g=no
ac_cv_prog_make_make_set=yes
ac_cv_prog_with_gzip=yes
ac_cv_search_opendir='none required'
ac_cv_sizeof_char=1
ac_cv_sizeof_int=4
ac_cv_sizeof_long=8
ac_cv_sizeof_short=2
ac_cv_type_char=yes
ac_cv_type_int=yes
ac_cv_type_long=yes
ac_cv_type_off_t=yes
ac_cv_type_short=yes
ac_cv_type_size_t=yes
ac_cv_type_unsigned_long_long=yes
ac_cv_working_alloca_h=yes
acl_cv_path_LD='/usr/bin/ld -m elf_x86_64'
acl_cv_prog_gnu_ld=yes
acl_cv_rpath=done
am_cv_CC_dependencies_compiler_type=gcc3
am_cv_CXX_dependencies_compiler_type=gcc3
am_cv_func_iconv=yes
am_cv_langinfo_codeset=yes
am_cv_lib_iconv=no
am_cv_proto_iconv='extern size_t iconv (iconv_t cd, char * *inbuf, size_t *inbytesleft, char * *outbuf, size_t *outbytesleft);'
am_cv_proto_iconv_arg1=
am_cv_val_LC_MESSAGES=yes
gt_cv_func_gnugettext1_libc=yes
gt_cv_header_inttypes_h=yes
gt_cv_int_divbyzero_sigfpe=yes
gt_cv_inttypes_pri_broken=no
jm_ac_cv_header_inttypes_h=yes
jm_ac_cv_header_stdint_h=yes
lt_cv_deplibs_check_method=pass_all
lt_cv_file_magic_cmd='$MAGIC_CMD'
lt_cv_file_magic_test_file=
lt_cv_ld_reload_flag=-r
lt_cv_objdir=.libs
lt_cv_path_LD=/usr/bin/ld
lt_cv_path_LDCXX='/usr/bin/ld -m elf_x86_64'
lt_cv_path_NM='/usr/bin/nm -B'
lt_cv_path_SED=/usr/bin/sed
lt_cv_prog_compiler_c_o=yes
lt_cv_prog_compiler_c_o_CXX=yes
lt_cv_prog_compiler_rtti_exceptions=no
lt_cv_prog_gnu_ld=yes
lt_cv_prog_gnu_ldcxx=yes
lt_cv_sys_global_symbol_pipe='sed -n -e '\''s/^.*[ 	]\([ABCDGIRSTW][ABCDGIRSTW]*\)[ 	][ 	]*\(\)\([_A-Za-z][_A-Za-z0-9]*\)$/\1 \2\3 \3/p'\'''
lt_cv_sys_global_symbol_to_c_name_address='sed -n -e '\''s/^: \([^ ]*\) $/  {\"\1\", (lt_ptr) 0},/p'\'' -e '\''s/^[BCDEGRST] \([^ ]*\) \([^ ]*\)$/  {"\2", (lt_ptr) \&\2},/p'\'''
lt_cv_sys_global_symbol_to_cdecl='sed -n -e '\''s/^. .* \(.*\)$/extern int \1;/p'\'''
lt_cv_sys_max_cmd_len=32768
lt_lt_cv_prog_compiler_c_o='"yes"'
lt_lt_cv_prog_compiler_c_o_CXX='"yes"'
lt_lt_cv_sys_global_symbol_pipe='"sed -n -e '\''s/^.*[ 	]\\([ABCDGIRSTW][ABCDGIRSTW]*\\)[ 	][ 	]*\\(\\)\\([_A-Za-z][_A-Za-z0-9]*\\)\$/\\1 \\2\\3 \\3/p'\''"'
lt_lt_cv_sys_global_symbol_to_c_name_address='"sed -n -e '\''s/^: \\([^ ]*\\) \$/  {\\\"\\1\\\", (lt_ptr) 0},/p'\'' -e '\''s/^[BCDEGRST] \\([^ ]*\\) \\([^ ]*\\)\$/  {\"\\2\", (lt_ptr) \\&\\2},/p'\''"'
lt_lt_cv_sys_global_symbol_to_cdecl='"sed -n -e '\''s/^. .* \\(.*\\)\$/extern int \\1;/p'\''"'
nls_cv_force_use_gnu_gettext=no
nls_cv_header_intl=
nls_cv_header_libgt=
nls_cv_use_gnu_gettext=no

## ----------------- ##
## Output variables. ##
## ----------------- ##

ACLOCAL='${SHELL} /home/isak/Downloads/lincity-1.13.1/missing --run aclocal-1.7'
ALLOCA=''
AMDEPBACKSLASH='\'
AMDEP_FALSE='#'
AMDEP_TRUE=''
AMTAR='${SHELL} /home/isak/Downloads/lincity-1.13.1/missing --run tar'
AR='ar'
AUTOCONF='${SHELL} /home/isak/Downloads/lincity-1.13.1/missing --run autoconf'
AUTOHEADER='${SHELL} /home/isak/Downloads/lincity-1.13.1/missing --run autoheader'
AUTOMAKE='${SHELL} /home/isak/Downloads/lincity-1.13.1/missing --run automake-1.7'
AWK='mawk'
BUILD_INCLUDED_LIBINTL='no'
CATOBJEXT='.gmo'
CC='gcc'
CCDEPMODE='depmode=gcc3'
CFLAGS='-g -O2  -Wall'
CPP='gcc -E'
CPPFLAGS=''
CXX='g++'
CXXCPP='g++ -E'
CXXDEPMODE='depmode=gcc3'
CXXFLAGS='-g -O2'
CYGPATH_W='echo'
DATADIRNAME='share'
DEFS='-DHAVE_CONFIG_H'
DEPDIR='.deps'
ECHO='echo'
ECHO_C=''
ECHO_N='-n'
ECHO_T=''
EGREP='grep -E'
EXEEXT=''
F77=''
FFLAGS=''
GENCAT='gencat'
GLIBC21='yes'
GMSGFMT=':'
INSTALL_DATA='${INSTALL} -m 644'
INSTALL_PROGRAM='${INSTALL}'
INSTALL_SCRIPT='${INSTALL}'
INSTALL_STRIP_PROGRAM='${SHELL} $(install_sh) -c -s'
INSTOBJEXT='.mo'
INTLBISON=':'
INTLLIBS=''
INTLOBJS=''
INTL_LIBTOOL_SUFFIX_PREFIX=''
LCLIBS=' LCX_LIBS'
LDFLAGS=''
LIBICONV=''
LIBINTL=''
LIBOBJS=''
LIBS='    '
LIBTOOL='$(SHELL) $(top_builddir)/libtool'
LN_S='ln -s'
LTLIBICONV=''
LTLIBINTL=''
LTLIBOBJS=''
MAKEINFO='${SHELL} /home/isak/Downloads/lincity-1.13.1/missing --run makeinfo'
MKINSTALLDIRS='./mkinstalldirs'
MSGFMT=':'
MSGMERGE=':'
OBJEXT='o'
PACKAGE='lincity'
PACKAGE_BUGREPORT='lincity-users@lists.sourceforge.net'
PACKAGE_NAME='Lincity'
PACKAGE_STRING='Lincity 1.13.1'
PACKAGE_TARNAME='lincity'
PACKAGE_VERSION='1.13.1'
PATH_SEPARATOR=':'
POSUB='po'
PROGS=' X_PROGS'
RANLIB='ranlib'
SET_MAKE=''
SHELL='/bin/bash'
STRIP='strip'
USE_INCLUDED_LIBINTL='no'
USE_NLS='yes'
VERSION='1.13.1'
XGETTEXT=':'
X_CFLAGS=''
X_EXTRA_LIBS=''
X_LIBS=''
X_PRE_LIBS=''
ac_ct_AR='ar'
ac_ct_CC='gcc'
ac_ct_CXX='g++'
ac_ct_F77=''
ac_ct_RANLIB='ranlib'
ac_ct_STRIP='strip'
am__fastdepCC_FALSE='#'
am__fastdepCC_TRUE=''
am__fastdepCXX_FALSE='#'
am__fastdepCXX_TRUE=''
am__include='include'
am__leading_dot='.'
am__quote=''
bindir='${exec_prefix}/bin'
build='x86_64-unknown-linux-gnu'
build_alias=''
build_cpu='x86_64'
build_os='linux-gnu'
build_vendor='unknown'
datadir='${prefix}/share'
exec_prefix='${prefix}'
host='x86_64-unknown-linux-gnu'
host_alias=''
host_cpu='x86_64'
host_os='linux-gnu'
host_vendor='unknown'
includedir='${prefix}/include'
infodir='${prefix}/info'
install_sh='/home/isak/Downloads/lincity-1.13.1/install-sh'
libdir='${exec_prefix}/lib'
libexecdir='${exec_prefix}/libexec'
localstatedir='${prefix}/var'
mandir='${prefix}/man'
oldincludedir='/usr/include'
prefix='/usr/local'
program_transform_name='s,x,x,'
sbindir='${exec_prefix}/sbin'
sharedstatedir='${prefix}/com'
sysconfdir='${prefix}/etc'
target_alias=''
with_gzip='yes'

## ----------- ##
## confdefs.h. ##
## ----------- ##

#define DEFAULT_LIBDIR "/usr/local/share/lincity"
#define ENABLE_NLS 1
#define HAVE_ALLOCA 1
#define HAVE_ALLOCA_H 1
#define HAVE_ARGZ_H 1
#define HAVE_DCGETTEXT 1
#define HAVE_DIRENT_H 1
#define HAVE_DLFCN_H 1
#define HAVE_FEOF_UNLOCKED 1
#define HAVE_FGETS_UNLOCKED 1
#define HAVE_GETCWD 1
#define HAVE_GETC_UNLOCKED 1
#define HAVE_GETEGID 1
#define HAVE_GETEUID 1
#define HAVE_GETGID 1
#define HAVE_GETPAGESIZE 1
#define HAVE_GETTEXT 1
#define HAVE_GETTIMEOFDAY 1
#define HAVE_GETUID 1
#define HAVE_GZIP 1
#define HAVE_ICONV 1
#define HAVE_INTTYPES_H 1
#define HAVE_INTTYPES_H 1
#define HAVE_INTTYPES_H_WITH_UINTMAX 1
#define HAVE_LANGINFO_CODESET 1
#define HAVE_LC_MESSAGES 1
#define HAVE_LIMITS_H 1
#define HAVE_LOCALE_H 1
#define HAVE_MALLOC_H 1
#define HAVE_MEMORY_H 1
#define HAVE_MEMPCPY 1
#define HAVE_MKDIR 1
#define HAVE_MMAP 1
#define HAVE_MUNMAP 1
#define HAVE_NL_TYPES_H 1
#define HAVE_POPEN 1
#define HAVE_PUTENV 1
#define HAVE_SETENV 1
#define HAVE_SETLOCALE 1
#define HAVE_STDDEF_H 1
#define HAVE_STDINT_H 1
#define HAVE_STDINT_H_WITH_UINTMAX 1
#define HAVE_STDLIB_H 1
#define HAVE_STDLIB_H 1
#define HAVE_STDLIB_H 1
#define HAVE_STPCPY 1
#define HAVE_STRCASECMP 1
#define HAVE_STRDUP 1
#define HAVE_STRINGS_H 1
#define HAVE_STRING_H 1
#define HAVE_STRING_H 1
#define HAVE_STRTOUL 1
#define HAVE_SYS_PARAM_H 1
#define HAVE_SYS_STAT_H 1
#define HAVE_SYS_TYPES_H 1
#define HAVE_TSEARCH 1
#define HAVE_UNISTD_H 1
#define HAVE_UNISTD_H 1
#define HAVE_UNISTD_H 1
#define HAVE_UNSIGNED_LONG_LONG 1
#define HAVE___ARGZ_COUNT 1
#define HAVE___ARGZ_NEXT 1
#define HAVE___ARGZ_STRINGIFY 1
#define ICONV_CONST 
#define INTDIV0_RAISES_SIGFPE 1
#define LOCALEDIR "/usr/local/share/locale"
#define PACKAGE "lincity"
#define PACKAGE_BUGREPORT "lincity-users@lists.sourceforge.net"
#define PACKAGE_NAME "Lincity"
#define PACKAGE_STRING "Lincity 1.13.1"
#define PACKAGE_TARNAME "lincity"
#define PACKAGE_VERSION "1.13.1"
#define SIZEOF_CHAR 1
#define SIZEOF_INT 4
#define SIZEOF_LONG 8
#define SIZEOF_SHORT 2
#define TIME_WITH_SYS_TIME 1
#define VERSION "1.13.1"
#define X_DISPLAY_MISSING 1
#endif
#ifdef __cplusplus
extern "C" void std::exit (int) throw (); using std::exit;

configure: exit 0
